<?xml version="1.0" encoding="UTF-8"?>
<!-- Generated by org.testng.reporters.JUnitReportReporter -->
<testsuite hostname="197NODNB17984" name="Testcase1.TC1" tests="2" failures="0" timestamp="12 Jun 2018 09:22:45 GMT" time="0.032" errors="0">
  <testcase name="def" time="0.006" classname="Testcase1.TC1"/>
  <testcase name="abc" time="0.026" classname="Testcase1.TC1"/>
</testsuite> <!-- Testcase1.TC1 -->
